<?xml version="1.0" encoding="UTF-8"?>
<testng-results ignored="0" total="1" passed="0" failed="1" skipped="0">
  <reporter-output>
  </reporter-output>
  <suite started-at="2024-01-21T14:21:28 CET" name="Default suite" finished-at="2024-01-21T14:21:35 CET" duration-ms="7360">
    <groups>
      <group name="cucumber">
        <method signature="AbstractTestNGCucumberTests.runScenario(io.cucumber.testng.PickleWrapper,io.cucumber.testng.FeatureWrapper)[pri:0, instance:RunAddShoppingCartTest@2f4948e4]" name="runScenario" class="io.cucumber.testng.AbstractTestNGCucumberTests"/>
      </group> <!-- cucumber -->
    </groups>
    <test started-at="2024-01-21T14:21:28 CET" name="Default test" finished-at="2024-01-21T14:21:35 CET" duration-ms="7360">
      <class name="RunAddShoppingCartTest">
        <test-method is-config="true" signature="setUpClass(org.testng.ITestContext)[pri:0, instance:RunAddShoppingCartTest@2f4948e4]" started-at="2024-01-21T14:21:28 CET" name="setUpClass" finished-at="2024-01-21T14:21:28 CET" duration-ms="191" status="PASS">
          <params>
            <param index="0">
              <value>
                <![CDATA[org.testng.TestRunner@43826ec]]>
              </value>
            </param>
          </params>
          <reporter-output>
          </reporter-output>
        </test-method> <!-- setUpClass -->
        <test-method signature="runScenario(io.cucumber.testng.PickleWrapper,io.cucumber.testng.FeatureWrapper)[pri:0, instance:RunAddShoppingCartTest@2f4948e4]" started-at="2024-01-21T14:21:28 CET" name="runScenario" description="Runs Cucumber Scenarios" data-provider="scenarios" finished-at="2024-01-21T14:21:35 CET" duration-ms="7121" status="FAIL">
          <params>
            <param index="0">
              <value>
                <![CDATA["Add a product to the shopping cart"]]>
              </value>
            </param>
            <param index="1">
              <value>
                <![CDATA["addshoppingcart"]]>
              </value>
            </param>
          </params>
          <exception class="java.lang.NullPointerException">
            <message>
              <![CDATA[Cannot invoke "org.openqa.selenium.WebDriver.findElement(org.openqa.selenium.By)" because "this.driver" is null]]>
            </message>
            <full-stacktrace>
              <![CDATA[java.lang.NullPointerException: Cannot invoke "org.openqa.selenium.WebDriver.findElement(org.openqa.selenium.By)" because "this.driver" is null
at steps.AddShoppingCartSteps.theUserClicksTelevisionButton(AddShoppingCartSteps.java:24)
at ✽.the user clicks the television button(file:///C:/Users/Pol/Desktop/CucumberTest/src/test/java/features/addshoppingcart.feature:6)
]]>
            </full-stacktrace>
          </exception> <!-- java.lang.NullPointerException -->
          <reporter-output>
          </reporter-output>
        </test-method> <!-- runScenario -->
        <test-method is-config="true" signature="tearDownClass()[pri:0, instance:RunAddShoppingCartTest@2f4948e4]" started-at="2024-01-21T14:21:35 CET" name="tearDownClass" finished-at="2024-01-21T14:21:35 CET" duration-ms="6" status="PASS">
          <reporter-output>
          </reporter-output>
        </test-method> <!-- tearDownClass -->
      </class> <!-- RunAddShoppingCartTest -->
    </test> <!-- Default test -->
  </suite> <!-- Default suite -->
</testng-results>
