<?xml version="1.0" encoding="UTF-8"?>
<!-- Generated by org.testng.reporters.JUnitReportReporter -->
<testsuite hostname="QB-023" failures="0" tests="1" name="AnarFinanciacio" time="2.420" errors="1" timestamp="2024-01-20T16:59:22 CET" skipped="0">
  <testcase classname="AnarFinanciacio" name="runScenario" time="2.420">
    <error message="Unresolved compilation problem: 
	Unhandled exception type InterruptedException
" type="java.lang.Error">
      <![CDATA[java.lang.Error: Unresolved compilation problem: 
Unhandled exception type InterruptedException

at steps.AnarFinanciacio.UserGoToFinanciacion(AnarFinanciacio.java:37)
at ✽.user go to financiacion(file:///C:/Users/David%20Feliu/eclipse-workspace/CucumberTest/src/test/java/features/AnarFinanciacio.feature:6)
]]>
    </error>
  </testcase> <!-- runScenario -->
</testsuite> <!-- AnarFinanciacio -->
